\BOOKMARK [0][-]{chapter.1}{Einleitung}{}% 1
\BOOKMARK [1][-]{section.1.1}{Motivation}{chapter.1}% 2
\BOOKMARK [0][-]{chapter.2}{Grundlagen}{}% 3
\BOOKMARK [1][-]{section.2.1}{Raspberry PI}{chapter.2}% 4
\BOOKMARK [1][-]{section.2.2}{NXT}{chapter.2}% 5
\BOOKMARK [1][-]{section.2.3}{A/D-Wandler}{chapter.2}% 6
\BOOKMARK [1][-]{section.2.4}{Bussysteme}{chapter.2}% 7
\BOOKMARK [2][-]{subsection.2.4.1}{SPI}{section.2.4}% 8
\BOOKMARK [2][-]{subsection.2.4.2}{I2C}{section.2.4}% 9
\BOOKMARK [2][-]{subsection.2.4.3}{Sensoren}{section.2.4}% 10
\BOOKMARK [2][-]{subsection.2.4.4}{Tastsensor}{section.2.4}% 11
\BOOKMARK [1][-]{section.2.5}{PWM}{chapter.2}% 12
\BOOKMARK [1][-]{section.2.6}{GPIO}{chapter.2}% 13
\BOOKMARK [0][-]{chapter.3}{Implementierung}{}% 14
\BOOKMARK [1][-]{section.3.1}{Herausforderungen beim Auslesen der Sensoren}{chapter.3}% 15
\BOOKMARK [0][-]{chapter.4}{Fazit}{}% 16
\BOOKMARK [0][-]{chapter.5}{LegoPi-Software}{}% 17
\BOOKMARK [1][-]{section.5.1}{Software-Komponenten}{chapter.5}% 18
\BOOKMARK [2][-]{subsection.5.1.1}{LegoPi.py - API}{section.5.1}% 19
\BOOKMARK [2][-]{subsection.5.1.2}{Run.py - Individueller Code des Entwicklers}{section.5.1}% 20
\BOOKMARK [2][-]{subsection.5.1.3}{ExecDaemon.py - Automatischer Start des Entwickler-Codes}{section.5.1}% 21
\BOOKMARK [2][-]{subsection.5.1.4}{startup.sh - Vorbereitung des Systems}{section.5.1}% 22
\BOOKMARK [1][-]{section.5.2}{API}{chapter.5}% 23
\BOOKMARK [2][-]{subsection.5.2.1}{Beispielanwendung}{section.5.2}% 24
\BOOKMARK [0][-]{section*.15}{Index}{}% 25
