\BOOKMARK [0][-]{chapter.1}{Einleitung}{}% 1
\BOOKMARK [1][-]{section.1.1}{Motivation}{chapter.1}% 2
\BOOKMARK [0][-]{chapter.2}{Grundlagen}{}% 3
\BOOKMARK [1][-]{section.2.1}{Raspberry PI}{chapter.2}% 4
\BOOKMARK [1][-]{section.2.2}{NXT}{chapter.2}% 5
\BOOKMARK [2][-]{subsection.2.2.1}{Anf\374hrungszeichen}{section.2.2}% 6
\BOOKMARK [2][-]{subsection.2.2.2}{Abk\374rzungen}{section.2.2}% 7
\BOOKMARK [2][-]{subsection.2.2.3}{Literaturarbeit}{section.2.2}% 8
\BOOKMARK [0][-]{chapter.3}{Zweites Kapitel}{}% 9
\BOOKMARK [1][-]{section.3.1}{Bilder}{chapter.3}% 10
\BOOKMARK [1][-]{section.3.2}{Tabellen}{chapter.3}% 11
\BOOKMARK [1][-]{section.3.3}{Aufz\344hlungen}{chapter.3}% 12
\BOOKMARK [1][-]{section.3.4}{Formelsatz}{chapter.3}% 13
\BOOKMARK [1][-]{section.3.5}{Sourcecode}{chapter.3}% 14
\BOOKMARK [2][-]{subsection.3.5.1}{Aus einer Datei}{section.3.5}% 15
\BOOKMARK [2][-]{subsection.3.5.2}{Inline}{section.3.5}% 16
\BOOKMARK [0][-]{chapter*.10}{Abk\374rzungsverzeichnis}{}% 17
\BOOKMARK [0][-]{section*.11}{Tabellenverzeichnis}{}% 18
\BOOKMARK [0][-]{section*.13}{Abbildungsverzeichnis}{}% 19
\BOOKMARK [0][-]{chapter*.15}{Literaturverzeichnis}{}% 20
\BOOKMARK [0][-]{section*.16}{Index}{}% 21
